Using pre-set license
Built from '2020.3/release' branch; Version is '2020.3.27f1 (e759542391ea) revision 15161684'; Using compiler version '192528614'; Build Type 'Release'
OS: 'Windows 10  (10.0.19044) 64bit Professional' Language: 'pt' Physical Memory: 16304 MB
BatchMode: 1, IsHumanControllingUs: 0, StartBugReporterOnCrash: 0, Is64bit: 1, IsPro: 0

COMMAND LINE ARGUMENTS:
D:\UnityEditor\2020.3.27f1\Editor\Unity.exe
-adb2
-batchMode
-noUpm
-name
AssetImportWorker0
-projectPath
D:/Downloads/BasqueteUnity
-logFile
Logs/AssetImportWorker0.log
-srvPort
60822
Successfully changed project path to: D:/Downloads/BasqueteUnity
D:/Downloads/BasqueteUnity
Using Asset Import Pipeline V2.
Refreshing native plugins compatible for Editor in 85.18 ms, found 2 plugins.
Preloading 0 native plugins for Editor in 0.00 ms.
Initialize engine version: 2020.3.27f1 (e759542391ea)
[Subsystems] Discovering subsystems at path D:/UnityEditor/2020.3.27f1/Editor/Data/Resources/UnitySubsystems
[Subsystems] Discovering subsystems at path D:/Downloads/BasqueteUnity/Assets
GfxDevice: creating device client; threaded=0
Direct3D:
    Version:  Direct3D 11.0 [level 11.1]
    Renderer: NVIDIA GeForce GTX 1060 6GB (ID=0x1b83)
    Vendor:   
    VRAM:     6052 MB
    Driver:   30.0.15.1215
Initialize mono
Mono path[0] = 'D:/UnityEditor/2020.3.27f1/Editor/Data/Managed'
Mono path[1] = 'D:/UnityEditor/2020.3.27f1/Editor/Data/MonoBleedingEdge/lib/mono/unityjit'
Mono config path = 'D:/UnityEditor/2020.3.27f1/Editor/Data/MonoBleedingEdge/etc'
Using monoOptions --debugger-agent=transport=dt_socket,embedding=1,server=y,suspend=n,address=127.0.0.1:56844
Begin MonoManager ReloadAssembly
Registering precompiled unity dll's ...
Register platform support module: D:/UnityEditor/2020.3.27f1/Editor/Data/PlaybackEngines/WindowsStandaloneSupport/UnityEditor.WindowsStandalone.Extensions.dll
Registered in 0.004625 seconds.
Native extension for WindowsStandalone target not found
Refreshing native plugins compatible for Editor in 65.97 ms, found 2 plugins.
Preloading 0 native plugins for Editor in 0.00 ms.
Mono: successfully reloaded assembly
- Completed reload, in  0.714 seconds
Domain Reload Profiling:
	ReloadAssembly (714ms)
		BeginReloadAssembly (103ms)
			ExecutionOrderSort (0ms)
			DisableScriptedObjects (0ms)
			BackupInstance (0ms)
			ReleaseScriptingObjects (0ms)
			CreateAndSetChildDomain (1ms)
		EndReloadAssembly (521ms)
			LoadAssemblies (98ms)
			RebuildTransferFunctionScriptingTraits (0ms)
			SetupTypeCache (160ms)
			ReleaseScriptCaches (0ms)
			RebuildScriptCaches (29ms)
			SetupLoadedEditorAssemblies (208ms)
				LogAssemblyErrors (0ms)
				InitializePlatformSupportModulesInManaged (5ms)
				SetLoadedEditorAssemblies (0ms)
				RefreshPlugins (66ms)
				BeforeProcessingInitializeOnLoad (9ms)
				ProcessInitializeOnLoadAttributes (94ms)
				ProcessInitializeOnLoadMethodAttributes (34ms)
				AfterProcessingInitializeOnLoad (0ms)
				EditorAssembliesLoaded (0ms)
			ExecutionOrderSort2 (0ms)
			AwakeInstancesAfterBackupRestoration (0ms)
Platform modules already initialized, skipping
Registering precompiled user dll's ...
Registered in 0.013251 seconds.
Begin MonoManager ReloadAssembly
Native extension for WindowsStandalone target not found
Refreshing native plugins compatible for Editor in 0.74 ms, found 2 plugins.
Preloading 0 native plugins for Editor in 0.00 ms.
Mono: successfully reloaded assembly
- Completed reload, in  1.508 seconds
Domain Reload Profiling:
	ReloadAssembly (1509ms)
		BeginReloadAssembly (223ms)
			ExecutionOrderSort (0ms)
			DisableScriptedObjects (5ms)
			BackupInstance (0ms)
			ReleaseScriptingObjects (0ms)
			CreateAndSetChildDomain (20ms)
		EndReloadAssembly (1196ms)
			LoadAssemblies (178ms)
			RebuildTransferFunctionScriptingTraits (0ms)
			SetupTypeCache (440ms)
			ReleaseScriptCaches (0ms)
			RebuildScriptCaches (53ms)
			SetupLoadedEditorAssemblies (451ms)
				LogAssemblyErrors (0ms)
				InitializePlatformSupportModulesInManaged (6ms)
				SetLoadedEditorAssemblies (0ms)
				RefreshPlugins (1ms)
				BeforeProcessingInitializeOnLoad (113ms)
				ProcessInitializeOnLoadAttributes (265ms)
				ProcessInitializeOnLoadMethodAttributes (51ms)
				AfterProcessingInitializeOnLoad (15ms)
				EditorAssembliesLoaded (0ms)
			ExecutionOrderSort2 (0ms)
			AwakeInstancesAfterBackupRestoration (7ms)
Platform modules already initialized, skipping
========================================================================
Worker process is ready to serve import requests
Launched and connected shader compiler UnityShaderCompiler.exe after 0.05 seconds
Refreshing native plugins compatible for Editor in 0.59 ms, found 2 plugins.
Preloading 0 native plugins for Editor in 0.00 ms.
Unloading 2134 Unused Serialized files (Serialized files now loaded: 0)
System memory in use before: 85.4 MB.
System memory in use after: 85.5 MB.

Unloading 58 unused Assets to reduce memory usage. Loaded Objects now: 2543.
Total: 7.595400 ms (FindLiveObjects: 0.159000 ms CreateObjectMapping: 0.082400 ms MarkObjects: 7.276300 ms  DeleteObjects: 0.076500 ms)

AssetImportParameters requested are different than current active one (requested -> active):
  custom:framework-win-MediaFoundation: 216162199b28c13a410421893ffa2e32 -> 
  custom:video-decoder-ogg-theora: a1e56fd34408186e4bbccfd4996cb3dc -> 
  custom:container-muxer-webm: aa71ff27fc2769a1b78a27578f13a17b -> 
  custom:container-demuxer-webm: 4f35f7cbe854078d1ac9338744f61a02 -> 
  custom:container-demuxer-ogg: 62fdf1f143b41e24485cea50d1cbac27 -> 
  custom:video-encoder-webm-vp8: eb34c28f22e8b96e1ab97ce403110664 -> 
  custom:video-codec-MediaFoundation-h265: e54d7ab0439102e2317fc1e4b246158d -> 
  custom:video-decoder-webm-vp8: 9c59270c3fd7afecdb556c50c9e8de78 -> 
  custom:audio-decoder-ogg-vorbis: bf7c407c2cedff20999df2af8eb42d56 -> 
  custom:audio-encoder-webm-vorbis: bf7c407c2cedff20999df2af8eb42d56 -> 
========================================================================
Received Import Request.
  path: Assets/Luzinha.prefab
  artifactKey: Guid(30341f02b192b554ca7f77e5116b873f) Importer(815301076,1909f56bfc062723c751e8b465ee728b)
Start importing Assets/Luzinha.prefab using Guid(30341f02b192b554ca7f77e5116b873f) Importer(815301076,1909f56bfc062723c751e8b465ee728b)  -> (artifact id: '5d9a3ddc056df8185e422c13a8ed00b1') in 0.106393 seconds 
  Import took 0.109771 seconds .

========================================================================
Received Prepare
Registering precompiled user dll's ...
Registered in 0.014197 seconds.
Begin MonoManager ReloadAssembly
Native extension for WindowsStandalone target not found
Refreshing native plugins compatible for Editor in 0.61 ms, found 2 plugins.
Preloading 0 native plugins for Editor in 0.00 ms.
Mono: successfully reloaded assembly
- Completed reload, in  1.307 seconds
Domain Reload Profiling:
	ReloadAssembly (1308ms)
		BeginReloadAssembly (193ms)
			ExecutionOrderSort (0ms)
			DisableScriptedObjects (7ms)
			BackupInstance (0ms)
			ReleaseScriptingObjects (0ms)
			CreateAndSetChildDomain (42ms)
		EndReloadAssembly (1018ms)
			LoadAssemblies (187ms)
			RebuildTransferFunctionScriptingTraits (0ms)
			SetupTypeCache (330ms)
			ReleaseScriptCaches (1ms)
			RebuildScriptCaches (42ms)
			SetupLoadedEditorAssemblies (384ms)
				LogAssemblyErrors (0ms)
				InitializePlatformSupportModulesInManaged (5ms)
				SetLoadedEditorAssemblies (0ms)
				RefreshPlugins (1ms)
				BeforeProcessingInitializeOnLoad (90ms)
				ProcessInitializeOnLoadAttributes (223ms)
				ProcessInitializeOnLoadMethodAttributes (44ms)
				AfterProcessingInitializeOnLoad (20ms)
				EditorAssembliesLoaded (1ms)
			ExecutionOrderSort2 (0ms)
			AwakeInstancesAfterBackupRestoration (8ms)
Platform modules already initialized, skipping
Refreshing native plugins compatible for Editor in 0.60 ms, found 2 plugins.
Preloading 0 native plugins for Editor in 0.00 ms.
Unloading 2128 Unused Serialized files (Serialized files now loaded: 0)
System memory in use before: 88.3 MB.
System memory in use after: 88.4 MB.

Unloading 50 unused Assets to reduce memory usage. Loaded Objects now: 2554.
Total: 6.228700 ms (FindLiveObjects: 0.146400 ms CreateObjectMapping: 0.091800 ms MarkObjects: 5.958900 ms  DeleteObjects: 0.030200 ms)

AssetImportParameters requested are different than current active one (requested -> active):
  custom:framework-win-MediaFoundation: 216162199b28c13a410421893ffa2e32 -> 
  custom:video-decoder-ogg-theora: a1e56fd34408186e4bbccfd4996cb3dc -> 
  custom:container-muxer-webm: aa71ff27fc2769a1b78a27578f13a17b -> 
  custom:container-demuxer-webm: 4f35f7cbe854078d1ac9338744f61a02 -> 
  custom:container-demuxer-ogg: 62fdf1f143b41e24485cea50d1cbac27 -> 
  custom:video-encoder-webm-vp8: eb34c28f22e8b96e1ab97ce403110664 -> 
  custom:video-codec-MediaFoundation-h265: e54d7ab0439102e2317fc1e4b246158d -> 
  custom:video-decoder-webm-vp8: 9c59270c3fd7afecdb556c50c9e8de78 -> 
  custom:audio-decoder-ogg-vorbis: bf7c407c2cedff20999df2af8eb42d56 -> 
  custom:audio-encoder-webm-vorbis: bf7c407c2cedff20999df2af8eb42d56 -> 
========================================================================
Received Import Request.
  Time since last request: 149.932032 seconds.
  path: Assets/Luzinha.prefab
  artifactKey: Guid(30341f02b192b554ca7f77e5116b873f) Importer(815301076,1909f56bfc062723c751e8b465ee728b)
Start importing Assets/Luzinha.prefab using Guid(30341f02b192b554ca7f77e5116b873f) Importer(815301076,1909f56bfc062723c751e8b465ee728b)  -> (artifact id: '4eb9afa70b06250ccee0236c09e75125') in 0.052471 seconds 
  Import took 0.055665 seconds .

========================================================================
Received Prepare
Registering precompiled user dll's ...
Registered in 0.011000 seconds.
Begin MonoManager ReloadAssembly
Native extension for WindowsStandalone target not found
Refreshing native plugins compatible for Editor in 0.72 ms, found 2 plugins.
Preloading 0 native plugins for Editor in 0.00 ms.
Mono: successfully reloaded assembly
- Completed reload, in  1.141 seconds
Domain Reload Profiling:
	ReloadAssembly (1141ms)
		BeginReloadAssembly (148ms)
			ExecutionOrderSort (0ms)
			DisableScriptedObjects (7ms)
			BackupInstance (0ms)
			ReleaseScriptingObjects (0ms)
			CreateAndSetChildDomain (34ms)
		EndReloadAssembly (916ms)
			LoadAssemblies (150ms)
			RebuildTransferFunctionScriptingTraits (0ms)
			SetupTypeCache (281ms)
			ReleaseScriptCaches (1ms)
			RebuildScriptCaches (39ms)
			SetupLoadedEditorAssemblies (375ms)
				LogAssemblyErrors (0ms)
				InitializePlatformSupportModulesInManaged (5ms)
				SetLoadedEditorAssemblies (1ms)
				RefreshPlugins (1ms)
				BeforeProcessingInitializeOnLoad (88ms)
				ProcessInitializeOnLoadAttributes (223ms)
				ProcessInitializeOnLoadMethodAttributes (43ms)
				AfterProcessingInitializeOnLoad (14ms)
				EditorAssembliesLoaded (0ms)
			ExecutionOrderSort2 (0ms)
			AwakeInstancesAfterBackupRestoration (7ms)
Platform modules already initialized, skipping
Refreshing native plugins compatible for Editor in 0.61 ms, found 2 plugins.
Preloading 0 native plugins for Editor in 0.00 ms.
Unloading 2128 Unused Serialized files (Serialized files now loaded: 0)
System memory in use before: 88.4 MB.
System memory in use after: 88.5 MB.

Unloading 50 unused Assets to reduce memory usage. Loaded Objects now: 2559.
Total: 6.266800 ms (FindLiveObjects: 0.179600 ms CreateObjectMapping: 0.106600 ms MarkObjects: 5.950800 ms  DeleteObjects: 0.028500 ms)

AssetImportParameters requested are different than current active one (requested -> active):
  custom:framework-win-MediaFoundation: 216162199b28c13a410421893ffa2e32 -> 
  custom:video-decoder-ogg-theora: a1e56fd34408186e4bbccfd4996cb3dc -> 
  custom:container-muxer-webm: aa71ff27fc2769a1b78a27578f13a17b -> 
  custom:container-demuxer-webm: 4f35f7cbe854078d1ac9338744f61a02 -> 
  custom:container-demuxer-ogg: 62fdf1f143b41e24485cea50d1cbac27 -> 
  custom:video-encoder-webm-vp8: eb34c28f22e8b96e1ab97ce403110664 -> 
  custom:video-codec-MediaFoundation-h265: e54d7ab0439102e2317fc1e4b246158d -> 
  custom:video-decoder-webm-vp8: 9c59270c3fd7afecdb556c50c9e8de78 -> 
  custom:audio-decoder-ogg-vorbis: bf7c407c2cedff20999df2af8eb42d56 -> 
  custom:audio-encoder-webm-vorbis: bf7c407c2cedff20999df2af8eb42d56 -> 
========================================================================
Received Import Request.
  Time since last request: 331.643838 seconds.
  path: Assets/Luzinha.prefab
  artifactKey: Guid(30341f02b192b554ca7f77e5116b873f) Importer(815301076,1909f56bfc062723c751e8b465ee728b)
Start importing Assets/Luzinha.prefab using Guid(30341f02b192b554ca7f77e5116b873f) Importer(815301076,1909f56bfc062723c751e8b465ee728b)  -> (artifact id: 'd38cb414b6ed3cd74b4744b3d006946c') in 0.051112 seconds 
  Import took 0.054241 seconds .

========================================================================
Received Import Request.
  Time since last request: 5.344202 seconds.
  path: Assets/Luzinha.prefab
  artifactKey: Guid(30341f02b192b554ca7f77e5116b873f) Importer(815301076,1909f56bfc062723c751e8b465ee728b)
Start importing Assets/Luzinha.prefab using Guid(30341f02b192b554ca7f77e5116b873f) Importer(815301076,1909f56bfc062723c751e8b465ee728b)  -> (artifact id: 'ab9ecbd1a8b56dc395407f3083249593') in 0.009382 seconds 
  Import took 0.012453 seconds .

========================================================================
Received Import Request.
  Time since last request: 3.821062 seconds.
  path: Assets/Luzinha.prefab
  artifactKey: Guid(30341f02b192b554ca7f77e5116b873f) Importer(815301076,1909f56bfc062723c751e8b465ee728b)
Start importing Assets/Luzinha.prefab using Guid(30341f02b192b554ca7f77e5116b873f) Importer(815301076,1909f56bfc062723c751e8b465ee728b)  -> (artifact id: '0b19cc4a7c02f39f958155e6b5180a95') in 0.009634 seconds 
  Import took 0.013026 seconds .

========================================================================
Received Import Request.
  Time since last request: 1.200101 seconds.
  path: Assets/Luzinha.prefab
  artifactKey: Guid(30341f02b192b554ca7f77e5116b873f) Importer(815301076,1909f56bfc062723c751e8b465ee728b)
Start importing Assets/Luzinha.prefab using Guid(30341f02b192b554ca7f77e5116b873f) Importer(815301076,1909f56bfc062723c751e8b465ee728b)  -> (artifact id: '56d11eae3ea19a72a73c0d257b90fbad') in 0.010717 seconds 
  Import took 0.014378 seconds .

========================================================================
Received Import Request.
  Time since last request: 4.022084 seconds.
  path: Assets/Luzinha.prefab
  artifactKey: Guid(30341f02b192b554ca7f77e5116b873f) Importer(815301076,1909f56bfc062723c751e8b465ee728b)
Start importing Assets/Luzinha.prefab using Guid(30341f02b192b554ca7f77e5116b873f) Importer(815301076,1909f56bfc062723c751e8b465ee728b)  -> (artifact id: '8d93bba71b598c2265f5ab15447dcf71') in 0.011790 seconds 
  Import took 0.015268 seconds .

========================================================================
Received Import Request.
  Time since last request: 1.191147 seconds.
  path: Assets/Luzinha.prefab
  artifactKey: Guid(30341f02b192b554ca7f77e5116b873f) Importer(815301076,1909f56bfc062723c751e8b465ee728b)
Start importing Assets/Luzinha.prefab using Guid(30341f02b192b554ca7f77e5116b873f) Importer(815301076,1909f56bfc062723c751e8b465ee728b)  -> (artifact id: '0f5fb1bc78de66a03fef5cc71be9470f') in 0.009191 seconds 
  Import took 0.012567 seconds .

========================================================================
Received Prepare
Registering precompiled user dll's ...
Registered in 0.010783 seconds.
Begin MonoManager ReloadAssembly
Native extension for WindowsStandalone target not found
Refreshing native plugins compatible for Editor in 0.75 ms, found 2 plugins.
Preloading 0 native plugins for Editor in 0.00 ms.
Mono: successfully reloaded assembly
- Completed reload, in  1.132 seconds
Domain Reload Profiling:
	ReloadAssembly (1133ms)
		BeginReloadAssembly (156ms)
			ExecutionOrderSort (0ms)
			DisableScriptedObjects (5ms)
			BackupInstance (0ms)
			ReleaseScriptingObjects (0ms)
			CreateAndSetChildDomain (33ms)
		EndReloadAssembly (902ms)
			LoadAssemblies (148ms)
			RebuildTransferFunctionScriptingTraits (0ms)
			SetupTypeCache (277ms)
			ReleaseScriptCaches (1ms)
			RebuildScriptCaches (36ms)
			SetupLoadedEditorAssemblies (371ms)
				LogAssemblyErrors (0ms)
				InitializePlatformSupportModulesInManaged (5ms)
				SetLoadedEditorAssemblies (1ms)
				RefreshPlugins (1ms)
				BeforeProcessingInitializeOnLoad (88ms)
				ProcessInitializeOnLoadAttributes (220ms)
				ProcessInitializeOnLoadMethodAttributes (42ms)
				AfterProcessingInitializeOnLoad (15ms)
				EditorAssembliesLoaded (0ms)
			ExecutionOrderSort2 (0ms)
			AwakeInstancesAfterBackupRestoration (6ms)
Platform modules already initialized, skipping
Refreshing native plugins compatible for Editor in 0.66 ms, found 2 plugins.
Preloading 0 native plugins for Editor in 0.00 ms.
Unloading 2128 Unused Serialized files (Serialized files now loaded: 0)
System memory in use before: 88.4 MB.
System memory in use after: 88.5 MB.

Unloading 50 unused Assets to reduce memory usage. Loaded Objects now: 2562.
Total: 6.019800 ms (FindLiveObjects: 0.145200 ms CreateObjectMapping: 0.068400 ms MarkObjects: 5.773700 ms  DeleteObjects: 0.031100 ms)

AssetImportParameters requested are different than current active one (requested -> active):
  custom:framework-win-MediaFoundation: 216162199b28c13a410421893ffa2e32 -> 
  custom:video-decoder-ogg-theora: a1e56fd34408186e4bbccfd4996cb3dc -> 
  custom:container-muxer-webm: aa71ff27fc2769a1b78a27578f13a17b -> 
  custom:container-demuxer-webm: 4f35f7cbe854078d1ac9338744f61a02 -> 
  custom:container-demuxer-ogg: 62fdf1f143b41e24485cea50d1cbac27 -> 
  custom:video-encoder-webm-vp8: eb34c28f22e8b96e1ab97ce403110664 -> 
  custom:video-codec-MediaFoundation-h265: e54d7ab0439102e2317fc1e4b246158d -> 
  custom:video-decoder-webm-vp8: 9c59270c3fd7afecdb556c50c9e8de78 -> 
  custom:audio-decoder-ogg-vorbis: bf7c407c2cedff20999df2af8eb42d56 -> 
  custom:audio-encoder-webm-vorbis: bf7c407c2cedff20999df2af8eb42d56 -> 
========================================================================
Received Import Request.
  Time since last request: 198.836510 seconds.
  path: Assets/Vaso_Completo/Luzinha
  artifactKey: Guid(092900a7e3b235449aac19f7be14301c) Importer(815301076,1909f56bfc062723c751e8b465ee728b)
Start importing Assets/Vaso_Completo/Luzinha using Guid(092900a7e3b235449aac19f7be14301c) Importer(815301076,1909f56bfc062723c751e8b465ee728b)  -> (artifact id: 'fa735d5ab9736309fa897c39c9a17663') in 0.004970 seconds 
  Import took 0.008403 seconds .

========================================================================
Received Import Request.
  Time since last request: 25.818603 seconds.
  path: Assets/Vaso_Completo/Luzinha/New Material.mat
  artifactKey: Guid(cab5d6421999d0848b663d068462ba4f) Importer(815301076,1909f56bfc062723c751e8b465ee728b)
Start importing Assets/Vaso_Completo/Luzinha/New Material.mat using Guid(cab5d6421999d0848b663d068462ba4f) Importer(815301076,1909f56bfc062723c751e8b465ee728b)  -> (artifact id: 'eccb31712c2d99388231635cb9fb318a') in 0.090428 seconds 
  Import took 0.093894 seconds .

========================================================================
Received Import Request.
  Time since last request: 79.353864 seconds.
  path: Assets/Vaso_Completo/Luzinha/Luzinha.prefab
  artifactKey: Guid(30341f02b192b554ca7f77e5116b873f) Importer(815301076,1909f56bfc062723c751e8b465ee728b)
Start importing Assets/Vaso_Completo/Luzinha/Luzinha.prefab using Guid(30341f02b192b554ca7f77e5116b873f) Importer(815301076,1909f56bfc062723c751e8b465ee728b)  -> (artifact id: 'bbd3c18898d73dbfd739a0e0bec73586') in 0.023294 seconds 
  Import took 0.026798 seconds .

========================================================================
Received Import Request.
  Time since last request: 1.630783 seconds.
  path: Assets/Vaso_Completo/Luzinha/Luzinha.prefab
  artifactKey: Guid(30341f02b192b554ca7f77e5116b873f) Importer(815301076,1909f56bfc062723c751e8b465ee728b)
Start importing Assets/Vaso_Completo/Luzinha/Luzinha.prefab using Guid(30341f02b192b554ca7f77e5116b873f) Importer(815301076,1909f56bfc062723c751e8b465ee728b)  -> (artifact id: '5d736b9bd30462416b950469530aace4') in 0.011856 seconds 
  Import took 0.015097 seconds .

========================================================================
Received Import Request.
  Time since last request: 1.483151 seconds.
  path: Assets/Vaso_Completo/Luzinha/Luzinha.prefab
  artifactKey: Guid(30341f02b192b554ca7f77e5116b873f) Importer(815301076,1909f56bfc062723c751e8b465ee728b)
Start importing Assets/Vaso_Completo/Luzinha/Luzinha.prefab using Guid(30341f02b192b554ca7f77e5116b873f) Importer(815301076,1909f56bfc062723c751e8b465ee728b)  -> (artifact id: '6bf4e196e71cc76cb1b1ef061bf1f0b5') in 0.010805 seconds 
  Import took 0.013917 seconds .

========================================================================
Received Import Request.
  Time since last request: 1.277289 seconds.
  path: Assets/Vaso_Completo/Luzinha/Luzinha.prefab
  artifactKey: Guid(30341f02b192b554ca7f77e5116b873f) Importer(815301076,1909f56bfc062723c751e8b465ee728b)
Start importing Assets/Vaso_Completo/Luzinha/Luzinha.prefab using Guid(30341f02b192b554ca7f77e5116b873f) Importer(815301076,1909f56bfc062723c751e8b465ee728b)  -> (artifact id: '19f90190df33bda7419b2767fc5828af') in 0.010256 seconds 
  Import took 0.013391 seconds .

========================================================================
Received Import Request.
  Time since last request: 3.335383 seconds.
  path: Assets/Vaso_Completo/Luzinha/Luzinha.prefab
  artifactKey: Guid(30341f02b192b554ca7f77e5116b873f) Importer(815301076,1909f56bfc062723c751e8b465ee728b)
Start importing Assets/Vaso_Completo/Luzinha/Luzinha.prefab using Guid(30341f02b192b554ca7f77e5116b873f) Importer(815301076,1909f56bfc062723c751e8b465ee728b)  -> (artifact id: '4285a7f07e539be787727c14b1ed7c0e') in 0.011229 seconds 
  Import took 0.015424 seconds .

========================================================================
Received Import Request.
  Time since last request: 3.025307 seconds.
  path: Assets/Vaso_Completo/Luzinha/Luzinha.prefab
  artifactKey: Guid(30341f02b192b554ca7f77e5116b873f) Importer(815301076,1909f56bfc062723c751e8b465ee728b)
Start importing Assets/Vaso_Completo/Luzinha/Luzinha.prefab using Guid(30341f02b192b554ca7f77e5116b873f) Importer(815301076,1909f56bfc062723c751e8b465ee728b)  -> (artifact id: '3221c001d7bd9631bb0cd289e2dae5e7') in 0.009438 seconds 
  Import took 0.012948 seconds .

========================================================================
Received Import Request.
  Time since last request: 2.279203 seconds.
  path: Assets/Vaso_Completo/Luzinha/Luzinha.prefab
  artifactKey: Guid(30341f02b192b554ca7f77e5116b873f) Importer(815301076,1909f56bfc062723c751e8b465ee728b)
Start importing Assets/Vaso_Completo/Luzinha/Luzinha.prefab using Guid(30341f02b192b554ca7f77e5116b873f) Importer(815301076,1909f56bfc062723c751e8b465ee728b)  -> (artifact id: '8616814c543081d620b8614a70400dde') in 0.010638 seconds 
  Import took 0.013975 seconds .

========================================================================
Received Import Request.
  Time since last request: 1.848817 seconds.
  path: Assets/Vaso_Completo/Luzinha/Luzinha.prefab
  artifactKey: Guid(30341f02b192b554ca7f77e5116b873f) Importer(815301076,1909f56bfc062723c751e8b465ee728b)
Start importing Assets/Vaso_Completo/Luzinha/Luzinha.prefab using Guid(30341f02b192b554ca7f77e5116b873f) Importer(815301076,1909f56bfc062723c751e8b465ee728b)  -> (artifact id: 'f5e0922b4336b3bc7b1c59992399d1ce') in 0.013232 seconds 
  Import took 0.016467 seconds .

========================================================================
Received Import Request.
  Time since last request: 1.404474 seconds.
  path: Assets/Vaso_Completo/Luzinha/Luzinha.prefab
  artifactKey: Guid(30341f02b192b554ca7f77e5116b873f) Importer(815301076,1909f56bfc062723c751e8b465ee728b)
Start importing Assets/Vaso_Completo/Luzinha/Luzinha.prefab using Guid(30341f02b192b554ca7f77e5116b873f) Importer(815301076,1909f56bfc062723c751e8b465ee728b)  -> (artifact id: 'acdacd3a46acda741ea256764c6a3afd') in 0.009369 seconds 
  Import took 0.012890 seconds .

========================================================================
Received Import Request.
  Time since last request: 1.423532 seconds.
  path: Assets/Vaso_Completo/Luzinha/Luzinha.prefab
  artifactKey: Guid(30341f02b192b554ca7f77e5116b873f) Importer(815301076,1909f56bfc062723c751e8b465ee728b)
Start importing Assets/Vaso_Completo/Luzinha/Luzinha.prefab using Guid(30341f02b192b554ca7f77e5116b873f) Importer(815301076,1909f56bfc062723c751e8b465ee728b)  -> (artifact id: '3a9c990c776ac58189b37aaad0971ac0') in 0.010154 seconds 
  Import took 0.013851 seconds .

========================================================================
Received Import Request.
  Time since last request: 1.254858 seconds.
  path: Assets/Vaso_Completo/Luzinha/Luzinha.prefab
  artifactKey: Guid(30341f02b192b554ca7f77e5116b873f) Importer(815301076,1909f56bfc062723c751e8b465ee728b)
Start importing Assets/Vaso_Completo/Luzinha/Luzinha.prefab using Guid(30341f02b192b554ca7f77e5116b873f) Importer(815301076,1909f56bfc062723c751e8b465ee728b)  -> (artifact id: 'd32eaae5c3f55f4e2ceae5c55e829bdc') in 0.010001 seconds 
  Import took 0.013234 seconds .

========================================================================
Received Import Request.
  Time since last request: 4.090668 seconds.
  path: Assets/Vaso_Completo/Luzinha/Luzinha.prefab
  artifactKey: Guid(30341f02b192b554ca7f77e5116b873f) Importer(815301076,1909f56bfc062723c751e8b465ee728b)
Start importing Assets/Vaso_Completo/Luzinha/Luzinha.prefab using Guid(30341f02b192b554ca7f77e5116b873f) Importer(815301076,1909f56bfc062723c751e8b465ee728b)  -> (artifact id: '717f97bf53f0a55ee2575b636b187ac0') in 0.009071 seconds 
  Import took 0.012344 seconds .

========================================================================
Received Import Request.
  Time since last request: 14.947100 seconds.
  path: Assets/Vaso_Completo/Luzinha/Luzinha.prefab
  artifactKey: Guid(30341f02b192b554ca7f77e5116b873f) Importer(815301076,1909f56bfc062723c751e8b465ee728b)
Start importing Assets/Vaso_Completo/Luzinha/Luzinha.prefab using Guid(30341f02b192b554ca7f77e5116b873f) Importer(815301076,1909f56bfc062723c751e8b465ee728b)  -> (artifact id: '04103c72039d57cc391b5a0610af3528') in 0.010417 seconds 
  Import took 0.013708 seconds .

========================================================================
Received Import Request.
  Time since last request: 6.305960 seconds.
  path: Assets/Vaso_Completo/Luzinha/Luzinha.prefab
  artifactKey: Guid(30341f02b192b554ca7f77e5116b873f) Importer(815301076,1909f56bfc062723c751e8b465ee728b)
Start importing Assets/Vaso_Completo/Luzinha/Luzinha.prefab using Guid(30341f02b192b554ca7f77e5116b873f) Importer(815301076,1909f56bfc062723c751e8b465ee728b)  -> (artifact id: '94ef0d43550a29c3751803a9d8a29683') in 0.009914 seconds 
  Import took 0.013105 seconds .

========================================================================
Received Import Request.
  Time since last request: 16.162970 seconds.
  path: Assets/Vaso_Completo/Luzinha/Luzinha.prefab
  artifactKey: Guid(30341f02b192b554ca7f77e5116b873f) Importer(815301076,1909f56bfc062723c751e8b465ee728b)
Start importing Assets/Vaso_Completo/Luzinha/Luzinha.prefab using Guid(30341f02b192b554ca7f77e5116b873f) Importer(815301076,1909f56bfc062723c751e8b465ee728b)  -> (artifact id: 'f30040314cdaf4fd71c574c686afe101') in 0.009489 seconds 
  Import took 0.012883 seconds .

========================================================================
Received Import Request.
  Time since last request: 10.171872 seconds.
  path: Assets/Vaso_Completo/Luzinha/New Material 1.mat
  artifactKey: Guid(f434c69b41951c643ab4e2da270faf33) Importer(815301076,1909f56bfc062723c751e8b465ee728b)
Start importing Assets/Vaso_Completo/Luzinha/New Material 1.mat using Guid(f434c69b41951c643ab4e2da270faf33) Importer(815301076,1909f56bfc062723c751e8b465ee728b)  -> (artifact id: '39798dd06717ad2b6de6790de6cba163') in 0.027126 seconds 
  Import took 0.031382 seconds .

========================================================================
Received Import Request.
  Time since last request: 4.011315 seconds.
  path: Assets/Vaso_Completo/Luzinha/Luzinha.prefab
  artifactKey: Guid(30341f02b192b554ca7f77e5116b873f) Importer(815301076,1909f56bfc062723c751e8b465ee728b)
Start importing Assets/Vaso_Completo/Luzinha/Luzinha.prefab using Guid(30341f02b192b554ca7f77e5116b873f) Importer(815301076,1909f56bfc062723c751e8b465ee728b)  -> (artifact id: '57270539a80bce7cb69b5a6bbecb1d7d') in 0.010186 seconds 
  Import took 0.013993 seconds .

========================================================================
Received Prepare
Registering precompiled user dll's ...
Registered in 0.011493 seconds.
Begin MonoManager ReloadAssembly
Native extension for WindowsStandalone target not found
Refreshing native plugins compatible for Editor in 0.62 ms, found 2 plugins.
Preloading 0 native plugins for Editor in 0.00 ms.
Mono: successfully reloaded assembly
- Completed reload, in  1.163 seconds
Domain Reload Profiling:
	ReloadAssembly (1163ms)
		BeginReloadAssembly (157ms)
			ExecutionOrderSort (0ms)
			DisableScriptedObjects (6ms)
			BackupInstance (0ms)
			ReleaseScriptingObjects (0ms)
			CreateAndSetChildDomain (34ms)
		EndReloadAssembly (926ms)
			LoadAssemblies (153ms)
			RebuildTransferFunctionScriptingTraits (0ms)
			SetupTypeCache (281ms)
			ReleaseScriptCaches (1ms)
			RebuildScriptCaches (38ms)
			SetupLoadedEditorAssemblies (375ms)
				LogAssemblyErrors (0ms)
				InitializePlatformSupportModulesInManaged (5ms)
				SetLoadedEditorAssemblies (0ms)
				RefreshPlugins (1ms)
				BeforeProcessingInitializeOnLoad (89ms)
				ProcessInitializeOnLoadAttributes (223ms)
				ProcessInitializeOnLoadMethodAttributes (42ms)
				AfterProcessingInitializeOnLoad (15ms)
				EditorAssembliesLoaded (0ms)
			ExecutionOrderSort2 (0ms)
			AwakeInstancesAfterBackupRestoration (8ms)
Platform modules already initialized, skipping
Refreshing native plugins compatible for Editor in 0.62 ms, found 2 plugins.
Preloading 0 native plugins for Editor in 0.00 ms.
Unloading 2128 Unused Serialized files (Serialized files now loaded: 0)
System memory in use before: 88.7 MB.
System memory in use after: 88.9 MB.

Unloading 50 unused Assets to reduce memory usage. Loaded Objects now: 2598.
Total: 5.931100 ms (FindLiveObjects: 0.154100 ms CreateObjectMapping: 0.080100 ms MarkObjects: 5.666200 ms  DeleteObjects: 0.029400 ms)

AssetImportParameters requested are different than current active one (requested -> active):
  custom:framework-win-MediaFoundation: 216162199b28c13a410421893ffa2e32 -> 
  custom:video-decoder-ogg-theora: a1e56fd34408186e4bbccfd4996cb3dc -> 
  custom:container-muxer-webm: aa71ff27fc2769a1b78a27578f13a17b -> 
  custom:container-demuxer-webm: 4f35f7cbe854078d1ac9338744f61a02 -> 
  custom:container-demuxer-ogg: 62fdf1f143b41e24485cea50d1cbac27 -> 
  custom:video-encoder-webm-vp8: eb34c28f22e8b96e1ab97ce403110664 -> 
  custom:video-codec-MediaFoundation-h265: e54d7ab0439102e2317fc1e4b246158d -> 
  custom:video-decoder-webm-vp8: 9c59270c3fd7afecdb556c50c9e8de78 -> 
  custom:audio-decoder-ogg-vorbis: bf7c407c2cedff20999df2af8eb42d56 -> 
  custom:audio-encoder-webm-vorbis: bf7c407c2cedff20999df2af8eb42d56 -> 
========================================================================
Received Import Request.
  Time since last request: 95.318985 seconds.
  path: Assets/Vaso_Completo/Luzinha/New Material.mat
  artifactKey: Guid(cab5d6421999d0848b663d068462ba4f) Importer(815301076,1909f56bfc062723c751e8b465ee728b)
Start importing Assets/Vaso_Completo/Luzinha/New Material.mat using Guid(cab5d6421999d0848b663d068462ba4f) Importer(815301076,1909f56bfc062723c751e8b465ee728b)  -> (artifact id: 'ba3a4915de353e29a3a4f2408ddaeb4c') in 0.052991 seconds 
  Import took 0.055967 seconds .

========================================================================
Received Import Request.
  Time since last request: 0.000168 seconds.
  path: Assets/Vaso_Completo/Luzinha/New Material 1.mat
  artifactKey: Guid(f434c69b41951c643ab4e2da270faf33) Importer(815301076,1909f56bfc062723c751e8b465ee728b)
Start importing Assets/Vaso_Completo/Luzinha/New Material 1.mat using Guid(f434c69b41951c643ab4e2da270faf33) Importer(815301076,1909f56bfc062723c751e8b465ee728b)  -> (artifact id: 'ae8edc8ddfa1debb8e3e367e09ac016f') in 0.013437 seconds 
  Import took 0.016467 seconds .

AssetImportWorkerClient::OnTransportError - code=2 error=End of file
